  WinMain.cpp
D:\Happy3D\Happy3D\ChiliGame\ChiliGame\WinMain.cpp(612,9): warning C4297: 'wWinMain': function assumed not to throw an exception but does
  D:\Happy3D\Happy3D\ChiliGame\ChiliGame\WinMain.cpp(612,9):
  __declspec(nothrow), throw(), noexcept(true), or noexcept was specified on the function
  
D:\Happy3D\Happy3D\ChiliGame\ChiliGame\WinMain.cpp(728,13): warning C4297: 'wWinMain': function assumed not to throw an exception but does
  D:\Happy3D\Happy3D\ChiliGame\ChiliGame\WinMain.cpp(728,13):
  __declspec(nothrow), throw(), noexcept(true), or noexcept was specified on the function
  
D:\Happy3D\Happy3D\ChiliGame\ChiliGame\WinMain.cpp(731,13): warning C4297: 'wWinMain': function assumed not to throw an exception but does
  D:\Happy3D\Happy3D\ChiliGame\ChiliGame\WinMain.cpp(731,13):
  __declspec(nothrow), throw(), noexcept(true), or noexcept was specified on the function
  
D:\Happy3D\Happy3D\ChiliGame\ChiliGame\WinMain.cpp(750,13): warning C4297: 'wWinMain': function assumed not to throw an exception but does
  D:\Happy3D\Happy3D\ChiliGame\ChiliGame\WinMain.cpp(750,13):
  __declspec(nothrow), throw(), noexcept(true), or noexcept was specified on the function
  
D:\Happy3D\Happy3D\ChiliGame\ChiliGame\WinMain.cpp(755,13): warning C4297: 'wWinMain': function assumed not to throw an exception but does
  D:\Happy3D\Happy3D\ChiliGame\ChiliGame\WinMain.cpp(755,13):
  __declspec(nothrow), throw(), noexcept(true), or noexcept was specified on the function
  
D:\Happy3D\Happy3D\ChiliGame\ChiliGame\WinMain.cpp(757,13): warning C4297: 'wWinMain': function assumed not to throw an exception but does
  D:\Happy3D\Happy3D\ChiliGame\ChiliGame\WinMain.cpp(757,13):
  __declspec(nothrow), throw(), noexcept(true), or noexcept was specified on the function
  
D:\Happy3D\Happy3D\ChiliGame\ChiliGame\WinMain.cpp(771,13): warning C4297: 'wWinMain': function assumed not to throw an exception but does
  D:\Happy3D\Happy3D\ChiliGame\ChiliGame\WinMain.cpp(771,13):
  __declspec(nothrow), throw(), noexcept(true), or noexcept was specified on the function
  
D:\Happy3D\Happy3D\ChiliGame\ChiliGame\WinMain.cpp(783,13): warning C4297: 'wWinMain': function assumed not to throw an exception but does
  D:\Happy3D\Happy3D\ChiliGame\ChiliGame\WinMain.cpp(783,13):
  __declspec(nothrow), throw(), noexcept(true), or noexcept was specified on the function
  
D:\Happy3D\Happy3D\ChiliGame\ChiliGame\WinMain.cpp(792,13): warning C4297: 'wWinMain': function assumed not to throw an exception but does
  D:\Happy3D\Happy3D\ChiliGame\ChiliGame\WinMain.cpp(792,13):
  __declspec(nothrow), throw(), noexcept(true), or noexcept was specified on the function
  
D:\Happy3D\Happy3D\ChiliGame\ChiliGame\WinMain.cpp(798,17): warning C4297: 'wWinMain': function assumed not to throw an exception but does
  D:\Happy3D\Happy3D\ChiliGame\ChiliGame\WinMain.cpp(798,17):
  __declspec(nothrow), throw(), noexcept(true), or noexcept was specified on the function
  
D:\Happy3D\Happy3D\ChiliGame\ChiliGame\WinMain.cpp(804,13): warning C4297: 'wWinMain': function assumed not to throw an exception but does
  D:\Happy3D\Happy3D\ChiliGame\ChiliGame\WinMain.cpp(804,13):
  __declspec(nothrow), throw(), noexcept(true), or noexcept was specified on the function
  
D:\Happy3D\Happy3D\ChiliGame\ChiliGame\WinMain.cpp(826,13): warning C4297: 'wWinMain': function assumed not to throw an exception but does
  D:\Happy3D\Happy3D\ChiliGame\ChiliGame\WinMain.cpp(826,13):
  __declspec(nothrow), throw(), noexcept(true), or noexcept was specified on the function
  
D:\Happy3D\Happy3D\ChiliGame\ChiliGame\WinMain.cpp(895,13): warning C4297: 'wWinMain': function assumed not to throw an exception but does
  D:\Happy3D\Happy3D\ChiliGame\ChiliGame\WinMain.cpp(895,13):
  __declspec(nothrow), throw(), noexcept(true), or noexcept was specified on the function
  
D:\Happy3D\Happy3D\ChiliGame\ChiliGame\WinMain.cpp(899,13): warning C4297: 'wWinMain': function assumed not to throw an exception but does
  D:\Happy3D\Happy3D\ChiliGame\ChiliGame\WinMain.cpp(899,13):
  __declspec(nothrow), throw(), noexcept(true), or noexcept was specified on the function
  
D:\Happy3D\Happy3D\ChiliGame\ChiliGame\WinMain.cpp(922,13): warning C4297: 'wWinMain': function assumed not to throw an exception but does
  D:\Happy3D\Happy3D\ChiliGame\ChiliGame\WinMain.cpp(922,13):
  __declspec(nothrow), throw(), noexcept(true), or noexcept was specified on the function
  
D:\Happy3D\Happy3D\ChiliGame\ChiliGame\WinMain.cpp(924,13): warning C4297: 'wWinMain': function assumed not to throw an exception but does
  D:\Happy3D\Happy3D\ChiliGame\ChiliGame\WinMain.cpp(924,13):
  __declspec(nothrow), throw(), noexcept(true), or noexcept was specified on the function
  
D:\Happy3D\Happy3D\ChiliGame\ChiliGame\WinMain.cpp(960,13): warning C4297: 'wWinMain': function assumed not to throw an exception but does
  D:\Happy3D\Happy3D\ChiliGame\ChiliGame\WinMain.cpp(960,13):
  __declspec(nothrow), throw(), noexcept(true), or noexcept was specified on the function
  
D:\Happy3D\Happy3D\ChiliGame\ChiliGame\WinMain.cpp(979,13): warning C4297: 'wWinMain': function assumed not to throw an exception but does
  D:\Happy3D\Happy3D\ChiliGame\ChiliGame\WinMain.cpp(979,13):
  __declspec(nothrow), throw(), noexcept(true), or noexcept was specified on the function
  
D:\Happy3D\Happy3D\ChiliGame\ChiliGame\WinMain.cpp(999,13): warning C4297: 'wWinMain': function assumed not to throw an exception but does
  D:\Happy3D\Happy3D\ChiliGame\ChiliGame\WinMain.cpp(999,13):
  __declspec(nothrow), throw(), noexcept(true), or noexcept was specified on the function
  
D:\Happy3D\Happy3D\ChiliGame\ChiliGame\WinMain.cpp(1026,13): warning C4297: 'wWinMain': function assumed not to throw an exception but does
  D:\Happy3D\Happy3D\ChiliGame\ChiliGame\WinMain.cpp(1026,13):
  __declspec(nothrow), throw(), noexcept(true), or noexcept was specified on the function
  
D:\Happy3D\Happy3D\ChiliGame\ChiliGame\WinMain.cpp(1044,13): warning C4297: 'wWinMain': function assumed not to throw an exception but does
  D:\Happy3D\Happy3D\ChiliGame\ChiliGame\WinMain.cpp(1044,13):
  __declspec(nothrow), throw(), noexcept(true), or noexcept was specified on the function
  
D:\Happy3D\Happy3D\ChiliGame\ChiliGame\WinMain.cpp(1097,13): warning C4297: 'wWinMain': function assumed not to throw an exception but does
  D:\Happy3D\Happy3D\ChiliGame\ChiliGame\WinMain.cpp(1097,13):
  __declspec(nothrow), throw(), noexcept(true), or noexcept was specified on the function
  
D:\Happy3D\Happy3D\ChiliGame\ChiliGame\WinMain.cpp(1103,13): warning C4297: 'wWinMain': function assumed not to throw an exception but does
  D:\Happy3D\Happy3D\ChiliGame\ChiliGame\WinMain.cpp(1103,13):
  __declspec(nothrow), throw(), noexcept(true), or noexcept was specified on the function
  
D:\Happy3D\Happy3D\ChiliGame\ChiliGame\WinMain.cpp(1111,17): warning C4297: 'wWinMain': function assumed not to throw an exception but does
  D:\Happy3D\Happy3D\ChiliGame\ChiliGame\WinMain.cpp(1111,17):
  __declspec(nothrow), throw(), noexcept(true), or noexcept was specified on the function
  
D:\Happy3D\Happy3D\ChiliGame\ChiliGame\WinMain.cpp(1117,13): warning C4297: 'wWinMain': function assumed not to throw an exception but does
  D:\Happy3D\Happy3D\ChiliGame\ChiliGame\WinMain.cpp(1117,13):
  __declspec(nothrow), throw(), noexcept(true), or noexcept was specified on the function
  
D:\Happy3D\Happy3D\ChiliGame\ChiliGame\WinMain.cpp(1119,13): warning C4297: 'wWinMain': function assumed not to throw an exception but does
  D:\Happy3D\Happy3D\ChiliGame\ChiliGame\WinMain.cpp(1119,13):
  __declspec(nothrow), throw(), noexcept(true), or noexcept was specified on the function
  
D:\Happy3D\Happy3D\ChiliGame\ChiliGame\WinMain.cpp(1206,13): warning C4297: 'wWinMain': function assumed not to throw an exception but does
  D:\Happy3D\Happy3D\ChiliGame\ChiliGame\WinMain.cpp(1206,13):
  __declspec(nothrow), throw(), noexcept(true), or noexcept was specified on the function
  
D:\Happy3D\Happy3D\ChiliGame\ChiliGame\WinMain.cpp(1216,13): warning C4297: 'wWinMain': function assumed not to throw an exception but does
  D:\Happy3D\Happy3D\ChiliGame\ChiliGame\WinMain.cpp(1216,13):
  __declspec(nothrow), throw(), noexcept(true), or noexcept was specified on the function
  
D:\Happy3D\Happy3D\ChiliGame\ChiliGame\WinMain.cpp(1248,13): warning C4297: 'wWinMain': function assumed not to throw an exception but does
  D:\Happy3D\Happy3D\ChiliGame\ChiliGame\WinMain.cpp(1248,13):
  __declspec(nothrow), throw(), noexcept(true), or noexcept was specified on the function
  
D:\Happy3D\Happy3D\ChiliGame\ChiliGame\WinMain.cpp(1258,13): warning C4297: 'wWinMain': function assumed not to throw an exception but does
  D:\Happy3D\Happy3D\ChiliGame\ChiliGame\WinMain.cpp(1258,13):
  __declspec(nothrow), throw(), noexcept(true), or noexcept was specified on the function
  
D:\Happy3D\Happy3D\ChiliGame\ChiliGame\WinMain.cpp(1291,13): warning C4297: 'wWinMain': function assumed not to throw an exception but does
  D:\Happy3D\Happy3D\ChiliGame\ChiliGame\WinMain.cpp(1291,13):
  __declspec(nothrow), throw(), noexcept(true), or noexcept was specified on the function
  
D:\Happy3D\Happy3D\ChiliGame\ChiliGame\WinMain.cpp(1300,13): warning C4297: 'wWinMain': function assumed not to throw an exception but does
  D:\Happy3D\Happy3D\ChiliGame\ChiliGame\WinMain.cpp(1300,13):
  __declspec(nothrow), throw(), noexcept(true), or noexcept was specified on the function
  
D:\Happy3D\Happy3D\ChiliGame\ChiliGame\WinMain.cpp(1397,17): warning C4297: 'wWinMain': function assumed not to throw an exception but does
  D:\Happy3D\Happy3D\ChiliGame\ChiliGame\WinMain.cpp(1397,17):
  __declspec(nothrow), throw(), noexcept(true), or noexcept was specified on the function
  
D:\Happy3D\Happy3D\ChiliGame\ChiliGame\WinMain.cpp(1399,17): warning C4297: 'wWinMain': function assumed not to throw an exception but does
  D:\Happy3D\Happy3D\ChiliGame\ChiliGame\WinMain.cpp(1399,17):
  __declspec(nothrow), throw(), noexcept(true), or noexcept was specified on the function
  
D:\Happy3D\Happy3D\ChiliGame\ChiliGame\WinMain.cpp(1457,17): warning C4297: 'wWinMain': function assumed not to throw an exception but does
  D:\Happy3D\Happy3D\ChiliGame\ChiliGame\WinMain.cpp(1457,17):
  __declspec(nothrow), throw(), noexcept(true), or noexcept was specified on the function
  
D:\Happy3D\Happy3D\ChiliGame\ChiliGame\WinMain.cpp(1469,17): warning C4297: 'wWinMain': function assumed not to throw an exception but does
  D:\Happy3D\Happy3D\ChiliGame\ChiliGame\WinMain.cpp(1469,17):
  __declspec(nothrow), throw(), noexcept(true), or noexcept was specified on the function
  
D:\Happy3D\Happy3D\ChiliGame\ChiliGame\WinMain.cpp(1478,17): warning C4297: 'wWinMain': function assumed not to throw an exception but does
  D:\Happy3D\Happy3D\ChiliGame\ChiliGame\WinMain.cpp(1478,17):
  __declspec(nothrow), throw(), noexcept(true), or noexcept was specified on the function
  
D:\Happy3D\Happy3D\ChiliGame\ChiliGame\WinMain.cpp(1480,17): warning C4297: 'wWinMain': function assumed not to throw an exception but does
  D:\Happy3D\Happy3D\ChiliGame\ChiliGame\WinMain.cpp(1480,17):
  __declspec(nothrow), throw(), noexcept(true), or noexcept was specified on the function
  
  ChiliGame.vcxproj -> D:\Happy3D\Happy3D\ChiliGame\x64\Debug\ChiliGame.exe
